<?xml version="1.0" encoding="UTF-8"?>
<testng-results skipped="0" failed="0" ignored="0" total="1" passed="1">
  <reporter-output>
  </reporter-output>
  <suite name="Suite" duration-ms="31882" started-at="2022-09-03T03:50:57Z" finished-at="2022-09-03T03:51:29Z">
    <groups>
    </groups>
    <test name="Test" duration-ms="31882" started-at="2022-09-03T03:50:57Z" finished-at="2022-09-03T03:51:29Z">
      <class name="LoginScenario.LoginScenarioTestCases">
        <test-method status="PASS" signature="init()[pri:0, instance:LoginScenario.LoginScenarioTestCases@4cc0edeb]" name="init" is-config="true" duration-ms="29433" started-at="2022-09-03T03:50:57Z" finished-at="2022-09-03T03:51:26Z">
          <reporter-output>
          </reporter-output>
        </test-method> <!-- init -->
        <test-method status="PASS" signature="TC_01_VerifyLoginWithInvalidCredential()[pri:0, instance:LoginScenario.LoginScenarioTestCases@4cc0edeb]" name="TC_01_VerifyLoginWithInvalidCredential" duration-ms="2343" started-at="2022-09-03T03:51:26Z" finished-at="2022-09-03T03:51:29Z">
          <reporter-output>
          </reporter-output>
        </test-method> <!-- TC_01_VerifyLoginWithInvalidCredential -->
      </class> <!-- LoginScenario.LoginScenarioTestCases -->
    </test> <!-- Test -->
  </suite> <!-- Suite -->
</testng-results>
